2025-02-20 17:27:44,075 [Worker-1: Loading available Gradle versions] INFO  o.e.b.c.i.u.g.PublishedGradleVersions - Gradle version information cache is up-to-date. Trying to read.
2025-02-20 17:31:31,976 [Worker-16: Launching mavenrun-f3bc5b2f-1bdf-44d4-841f-a38673e276db] INFO  o.eclipse.m2e.core.internal.Bundles - getClasspathEntries(Bundle=org.eclipse.m2e.maven.runtime_3.9.900.20240824-1409 [294])
2025-02-20 17:31:31,979 [Worker-16: Launching mavenrun-f3bc5b2f-1bdf-44d4-841f-a38673e276db] INFO  o.eclipse.m2e.core.internal.Bundles - 	Entry: /home/stoneyspring/.p2/pool/plugins/org.eclipse.m2e.maven.runtime_3.9.900.20240824-1409
2025-02-20 17:31:31,979 [Worker-16: Launching mavenrun-f3bc5b2f-1bdf-44d4-841f-a38673e276db] INFO  o.eclipse.m2e.core.internal.Bundles - 	Entry: /home/stoneyspring/.p2/pool/plugins/org.eclipse.m2e.maven.runtime_3.9.900.20240824-1409/jars/aopalliance-1.0.jar
2025-02-20 17:31:31,979 [Worker-16: Launching mavenrun-f3bc5b2f-1bdf-44d4-841f-a38673e276db] INFO  o.eclipse.m2e.core.internal.Bundles - 	Entry: /home/stoneyspring/.p2/pool/plugins/org.eclipse.m2e.maven.runtime_3.9.900.20240824-1409/jars/guice-5.1.0.jar
2025-02-20 17:31:31,979 [Worker-16: Launching mavenrun-f3bc5b2f-1bdf-44d4-841f-a38673e276db] INFO  o.eclipse.m2e.core.internal.Bundles - 	Entry: /home/stoneyspring/.p2/pool/plugins/org.eclipse.m2e.maven.runtime_3.9.900.20240824-1409/jars/httpclient-4.5.14.jar
2025-02-20 17:31:31,979 [Worker-16: Launching mavenrun-f3bc5b2f-1bdf-44d4-841f-a38673e276db] INFO  o.eclipse.m2e.core.internal.Bundles - 	Entry: /home/stoneyspring/.p2/pool/plugins/org.eclipse.m2e.maven.runtime_3.9.900.20240824-1409/jars/httpcore-4.4.16.jar
2025-02-20 17:31:31,979 [Worker-16: Launching mavenrun-f3bc5b2f-1bdf-44d4-841f-a38673e276db] INFO  o.eclipse.m2e.core.internal.Bundles - 	Entry: /home/stoneyspring/.p2/pool/plugins/org.eclipse.m2e.maven.runtime_3.9.900.20240824-1409/jars/jansi-2.4.1.jar
2025-02-20 17:31:31,980 [Worker-16: Launching mavenrun-f3bc5b2f-1bdf-44d4-841f-a38673e276db] INFO  o.eclipse.m2e.core.internal.Bundles - 	Entry: /home/stoneyspring/.p2/pool/plugins/org.eclipse.m2e.maven.runtime_3.9.900.20240824-1409/jars/jcl-over-slf4j-1.7.36.jar
2025-02-20 17:31:31,980 [Worker-16: Launching mavenrun-f3bc5b2f-1bdf-44d4-841f-a38673e276db] INFO  o.eclipse.m2e.core.internal.Bundles - 	Entry: /home/stoneyspring/.p2/pool/plugins/org.eclipse.m2e.maven.runtime_3.9.900.20240824-1409/jars/maven-artifact-3.9.9.jar
2025-02-20 17:31:31,980 [Worker-16: Launching mavenrun-f3bc5b2f-1bdf-44d4-841f-a38673e276db] INFO  o.eclipse.m2e.core.internal.Bundles - 	Entry: /home/stoneyspring/.p2/pool/plugins/org.eclipse.m2e.maven.runtime_3.9.900.20240824-1409/jars/maven-builder-support-3.9.9.jar
2025-02-20 17:31:31,980 [Worker-16: Launching mavenrun-f3bc5b2f-1bdf-44d4-841f-a38673e276db] INFO  o.eclipse.m2e.core.internal.Bundles - 	Entry: /home/stoneyspring/.p2/pool/plugins/org.eclipse.m2e.maven.runtime_3.9.900.20240824-1409/jars/maven-compat-3.9.9.jar
2025-02-20 17:31:31,980 [Worker-16: Launching mavenrun-f3bc5b2f-1bdf-44d4-841f-a38673e276db] INFO  o.eclipse.m2e.core.internal.Bundles - 	Entry: /home/stoneyspring/.p2/pool/plugins/org.eclipse.m2e.maven.runtime_3.9.900.20240824-1409/jars/maven-core-3.9.9.jar
2025-02-20 17:31:31,980 [Worker-16: Launching mavenrun-f3bc5b2f-1bdf-44d4-841f-a38673e276db] INFO  o.eclipse.m2e.core.internal.Bundles - 	Entry: /home/stoneyspring/.p2/pool/plugins/org.eclipse.m2e.maven.runtime_3.9.900.20240824-1409/jars/maven-embedder-3.9.9.jar
2025-02-20 17:31:31,980 [Worker-16: Launching mavenrun-f3bc5b2f-1bdf-44d4-841f-a38673e276db] INFO  o.eclipse.m2e.core.internal.Bundles - 	Entry: /home/stoneyspring/.p2/pool/plugins/org.eclipse.m2e.maven.runtime_3.9.900.20240824-1409/jars/maven-model-3.9.9.jar
2025-02-20 17:31:31,980 [Worker-16: Launching mavenrun-f3bc5b2f-1bdf-44d4-841f-a38673e276db] INFO  o.eclipse.m2e.core.internal.Bundles - 	Entry: /home/stoneyspring/.p2/pool/plugins/org.eclipse.m2e.maven.runtime_3.9.900.20240824-1409/jars/maven-model-builder-3.9.9.jar
2025-02-20 17:31:31,980 [Worker-16: Launching mavenrun-f3bc5b2f-1bdf-44d4-841f-a38673e276db] INFO  o.eclipse.m2e.core.internal.Bundles - 	Entry: /home/stoneyspring/.p2/pool/plugins/org.eclipse.m2e.maven.runtime_3.9.900.20240824-1409/jars/maven-plugin-api-3.9.9.jar
2025-02-20 17:31:31,980 [Worker-16: Launching mavenrun-f3bc5b2f-1bdf-44d4-841f-a38673e276db] INFO  o.eclipse.m2e.core.internal.Bundles - 	Entry: /home/stoneyspring/.p2/pool/plugins/org.eclipse.m2e.maven.runtime_3.9.900.20240824-1409/jars/maven-repository-metadata-3.9.9.jar
2025-02-20 17:31:31,980 [Worker-16: Launching mavenrun-f3bc5b2f-1bdf-44d4-841f-a38673e276db] INFO  o.eclipse.m2e.core.internal.Bundles - 	Entry: /home/stoneyspring/.p2/pool/plugins/org.eclipse.m2e.maven.runtime_3.9.900.20240824-1409/jars/maven-resolver-api-1.9.22.jar
2025-02-20 17:31:31,981 [Worker-16: Launching mavenrun-f3bc5b2f-1bdf-44d4-841f-a38673e276db] INFO  o.eclipse.m2e.core.internal.Bundles - 	Entry: /home/stoneyspring/.p2/pool/plugins/org.eclipse.m2e.maven.runtime_3.9.900.20240824-1409/jars/maven-resolver-connector-basic-1.9.22.jar
2025-02-20 17:31:31,981 [Worker-16: Launching mavenrun-f3bc5b2f-1bdf-44d4-841f-a38673e276db] INFO  o.eclipse.m2e.core.internal.Bundles - 	Entry: /home/stoneyspring/.p2/pool/plugins/org.eclipse.m2e.maven.runtime_3.9.900.20240824-1409/jars/maven-resolver-impl-1.9.22.jar
2025-02-20 17:31:31,981 [Worker-16: Launching mavenrun-f3bc5b2f-1bdf-44d4-841f-a38673e276db] INFO  o.eclipse.m2e.core.internal.Bundles - 	Entry: /home/stoneyspring/.p2/pool/plugins/org.eclipse.m2e.maven.runtime_3.9.900.20240824-1409/jars/maven-resolver-named-locks-1.9.22.jar
2025-02-20 17:31:31,981 [Worker-16: Launching mavenrun-f3bc5b2f-1bdf-44d4-841f-a38673e276db] INFO  o.eclipse.m2e.core.internal.Bundles - 	Entry: /home/stoneyspring/.p2/pool/plugins/org.eclipse.m2e.maven.runtime_3.9.900.20240824-1409/jars/maven-resolver-provider-3.9.9.jar
2025-02-20 17:31:31,981 [Worker-16: Launching mavenrun-f3bc5b2f-1bdf-44d4-841f-a38673e276db] INFO  o.eclipse.m2e.core.internal.Bundles - 	Entry: /home/stoneyspring/.p2/pool/plugins/org.eclipse.m2e.maven.runtime_3.9.900.20240824-1409/jars/maven-resolver-spi-1.9.22.jar
2025-02-20 17:31:31,981 [Worker-16: Launching mavenrun-f3bc5b2f-1bdf-44d4-841f-a38673e276db] INFO  o.eclipse.m2e.core.internal.Bundles - 	Entry: /home/stoneyspring/.p2/pool/plugins/org.eclipse.m2e.maven.runtime_3.9.900.20240824-1409/jars/maven-resolver-transport-file-1.9.22.jar
2025-02-20 17:31:31,981 [Worker-16: Launching mavenrun-f3bc5b2f-1bdf-44d4-841f-a38673e276db] INFO  o.eclipse.m2e.core.internal.Bundles - 	Entry: /home/stoneyspring/.p2/pool/plugins/org.eclipse.m2e.maven.runtime_3.9.900.20240824-1409/jars/maven-resolver-transport-http-1.9.22.jar
2025-02-20 17:31:31,981 [Worker-16: Launching mavenrun-f3bc5b2f-1bdf-44d4-841f-a38673e276db] INFO  o.eclipse.m2e.core.internal.Bundles - 	Entry: /home/stoneyspring/.p2/pool/plugins/org.eclipse.m2e.maven.runtime_3.9.900.20240824-1409/jars/maven-resolver-transport-wagon-1.9.22.jar
2025-02-20 17:31:31,981 [Worker-16: Launching mavenrun-f3bc5b2f-1bdf-44d4-841f-a38673e276db] INFO  o.eclipse.m2e.core.internal.Bundles - 	Entry: /home/stoneyspring/.p2/pool/plugins/org.eclipse.m2e.maven.runtime_3.9.900.20240824-1409/jars/maven-resolver-util-1.9.22.jar
2025-02-20 17:31:31,981 [Worker-16: Launching mavenrun-f3bc5b2f-1bdf-44d4-841f-a38673e276db] INFO  o.eclipse.m2e.core.internal.Bundles - 	Entry: /home/stoneyspring/.p2/pool/plugins/org.eclipse.m2e.maven.runtime_3.9.900.20240824-1409/jars/maven-settings-3.9.9.jar
2025-02-20 17:31:31,981 [Worker-16: Launching mavenrun-f3bc5b2f-1bdf-44d4-841f-a38673e276db] INFO  o.eclipse.m2e.core.internal.Bundles - 	Entry: /home/stoneyspring/.p2/pool/plugins/org.eclipse.m2e.maven.runtime_3.9.900.20240824-1409/jars/maven-settings-builder-3.9.9.jar
2025-02-20 17:31:31,981 [Worker-16: Launching mavenrun-f3bc5b2f-1bdf-44d4-841f-a38673e276db] INFO  o.eclipse.m2e.core.internal.Bundles - 	Entry: /home/stoneyspring/.p2/pool/plugins/org.eclipse.m2e.maven.runtime_3.9.900.20240824-1409/jars/maven-shared-utils-3.4.2.jar
2025-02-20 17:31:31,981 [Worker-16: Launching mavenrun-f3bc5b2f-1bdf-44d4-841f-a38673e276db] INFO  o.eclipse.m2e.core.internal.Bundles - 	Entry: /home/stoneyspring/.p2/pool/plugins/org.eclipse.m2e.maven.runtime_3.9.900.20240824-1409/jars/org.eclipse.sisu.inject-0.9.0.M3.jar
2025-02-20 17:31:31,982 [Worker-16: Launching mavenrun-f3bc5b2f-1bdf-44d4-841f-a38673e276db] INFO  o.eclipse.m2e.core.internal.Bundles - 	Entry: /home/stoneyspring/.p2/pool/plugins/org.eclipse.m2e.maven.runtime_3.9.900.20240824-1409/jars/org.eclipse.sisu.plexus-0.9.0.M3.jar
2025-02-20 17:31:31,982 [Worker-16: Launching mavenrun-f3bc5b2f-1bdf-44d4-841f-a38673e276db] INFO  o.eclipse.m2e.core.internal.Bundles - 	Entry: /home/stoneyspring/.p2/pool/plugins/org.eclipse.m2e.maven.runtime_3.9.900.20240824-1409/jars/plexus-build-api-0.0.7.jar
2025-02-20 17:31:31,982 [Worker-16: Launching mavenrun-f3bc5b2f-1bdf-44d4-841f-a38673e276db] INFO  o.eclipse.m2e.core.internal.Bundles - 	Entry: /home/stoneyspring/.p2/pool/plugins/org.eclipse.m2e.maven.runtime_3.9.900.20240824-1409/jars/plexus-build-api-1.2.0.jar
2025-02-20 17:31:31,982 [Worker-16: Launching mavenrun-f3bc5b2f-1bdf-44d4-841f-a38673e276db] INFO  o.eclipse.m2e.core.internal.Bundles - 	Entry: /home/stoneyspring/.p2/pool/plugins/org.eclipse.m2e.maven.runtime_3.9.900.20240824-1409/jars/plexus-cipher-2.0.jar
2025-02-20 17:31:31,982 [Worker-16: Launching mavenrun-f3bc5b2f-1bdf-44d4-841f-a38673e276db] INFO  o.eclipse.m2e.core.internal.Bundles - 	Entry: /home/stoneyspring/.p2/pool/plugins/org.eclipse.m2e.maven.runtime_3.9.900.20240824-1409/jars/plexus-classworlds-2.8.0.jar
2025-02-20 17:31:31,982 [Worker-16: Launching mavenrun-f3bc5b2f-1bdf-44d4-841f-a38673e276db] INFO  o.eclipse.m2e.core.internal.Bundles - 	Entry: /home/stoneyspring/.p2/pool/plugins/org.eclipse.m2e.maven.runtime_3.9.900.20240824-1409/jars/plexus-component-annotations-2.1.0.jar
2025-02-20 17:31:31,982 [Worker-16: Launching mavenrun-f3bc5b2f-1bdf-44d4-841f-a38673e276db] INFO  o.eclipse.m2e.core.internal.Bundles - 	Entry: /home/stoneyspring/.p2/pool/plugins/org.eclipse.m2e.maven.runtime_3.9.900.20240824-1409/jars/plexus-interpolation-1.27.jar
2025-02-20 17:31:31,982 [Worker-16: Launching mavenrun-f3bc5b2f-1bdf-44d4-841f-a38673e276db] INFO  o.eclipse.m2e.core.internal.Bundles - 	Entry: /home/stoneyspring/.p2/pool/plugins/org.eclipse.m2e.maven.runtime_3.9.900.20240824-1409/jars/plexus-sec-dispatcher-2.0.jar
2025-02-20 17:31:31,982 [Worker-16: Launching mavenrun-f3bc5b2f-1bdf-44d4-841f-a38673e276db] INFO  o.eclipse.m2e.core.internal.Bundles - 	Entry: /home/stoneyspring/.p2/pool/plugins/org.eclipse.m2e.maven.runtime_3.9.900.20240824-1409/jars/plexus-utils-3.5.1.jar
2025-02-20 17:31:31,982 [Worker-16: Launching mavenrun-f3bc5b2f-1bdf-44d4-841f-a38673e276db] INFO  o.eclipse.m2e.core.internal.Bundles - 	Entry: /home/stoneyspring/.p2/pool/plugins/org.eclipse.m2e.maven.runtime_3.9.900.20240824-1409/jars/plexus-xml-3.0.1.jar
2025-02-20 17:31:31,982 [Worker-16: Launching mavenrun-f3bc5b2f-1bdf-44d4-841f-a38673e276db] INFO  o.eclipse.m2e.core.internal.Bundles - 	Entry: /home/stoneyspring/.p2/pool/plugins/org.eclipse.m2e.maven.runtime_3.9.900.20240824-1409/jars/wagon-file-3.5.3.jar
2025-02-20 17:31:31,983 [Worker-16: Launching mavenrun-f3bc5b2f-1bdf-44d4-841f-a38673e276db] INFO  o.eclipse.m2e.core.internal.Bundles - 	Entry: /home/stoneyspring/.p2/pool/plugins/org.eclipse.m2e.maven.runtime_3.9.900.20240824-1409/jars/wagon-http-3.5.3.jar
2025-02-20 17:31:31,983 [Worker-16: Launching mavenrun-f3bc5b2f-1bdf-44d4-841f-a38673e276db] INFO  o.eclipse.m2e.core.internal.Bundles - 	Entry: /home/stoneyspring/.p2/pool/plugins/org.eclipse.m2e.maven.runtime_3.9.900.20240824-1409/jars/wagon-http-shared-3.5.3.jar
2025-02-20 17:31:31,983 [Worker-16: Launching mavenrun-f3bc5b2f-1bdf-44d4-841f-a38673e276db] INFO  o.eclipse.m2e.core.internal.Bundles - 	Entry: /home/stoneyspring/.p2/pool/plugins/org.eclipse.m2e.maven.runtime_3.9.900.20240824-1409/jars/wagon-provider-api-3.5.3.jar
2025-02-20 17:31:31,984 [Worker-16: Launching mavenrun-f3bc5b2f-1bdf-44d4-841f-a38673e276db] INFO  o.eclipse.m2e.core.internal.Bundles - getClasspathEntries(Bundle=com.google.guava_33.3.0.jre [10])
2025-02-20 17:31:31,985 [Worker-16: Launching mavenrun-f3bc5b2f-1bdf-44d4-841f-a38673e276db] INFO  o.eclipse.m2e.core.internal.Bundles - 	Entry: /home/stoneyspring/.p2/pool/plugins/com.google.guava_33.3.0.jre.jar
2025-02-20 17:31:31,985 [Worker-16: Launching mavenrun-f3bc5b2f-1bdf-44d4-841f-a38673e276db] INFO  o.eclipse.m2e.core.internal.Bundles - getClasspathEntries(Bundle=slf4j.api_2.0.16 [515])
2025-02-20 17:31:31,985 [Worker-16: Launching mavenrun-f3bc5b2f-1bdf-44d4-841f-a38673e276db] INFO  o.eclipse.m2e.core.internal.Bundles - 	Entry: /home/stoneyspring/.p2/pool/plugins/slf4j.api_2.0.16.jar
2025-02-20 17:31:31,985 [Worker-16: Launching mavenrun-f3bc5b2f-1bdf-44d4-841f-a38673e276db] INFO  o.eclipse.m2e.core.internal.Bundles - getClasspathEntries(Bundle=jakarta.inject.jakarta.inject-api_1.0.5 [22])
2025-02-20 17:31:31,985 [Worker-16: Launching mavenrun-f3bc5b2f-1bdf-44d4-841f-a38673e276db] INFO  o.eclipse.m2e.core.internal.Bundles - 	Entry: /home/stoneyspring/.p2/pool/plugins/jakarta.inject.jakarta.inject-api_1.0.5.jar
2025-02-20 17:31:31,985 [Worker-16: Launching mavenrun-f3bc5b2f-1bdf-44d4-841f-a38673e276db] INFO  o.eclipse.m2e.core.internal.Bundles - getClasspathEntries(Bundle=jakarta.annotation-api_1.3.5 [20])
2025-02-20 17:31:31,985 [Worker-16: Launching mavenrun-f3bc5b2f-1bdf-44d4-841f-a38673e276db] INFO  o.eclipse.m2e.core.internal.Bundles - 	Entry: /home/stoneyspring/.p2/pool/plugins/jakarta.annotation-api_1.3.5.jar
2025-02-20 17:31:31,985 [Worker-16: Launching mavenrun-f3bc5b2f-1bdf-44d4-841f-a38673e276db] INFO  o.eclipse.m2e.core.internal.Bundles - getClasspathEntries(Bundle=org.apache.commons.cli_1.9.0 [47])
2025-02-20 17:31:31,985 [Worker-16: Launching mavenrun-f3bc5b2f-1bdf-44d4-841f-a38673e276db] INFO  o.eclipse.m2e.core.internal.Bundles - 	Entry: /home/stoneyspring/.p2/pool/plugins/org.apache.commons.cli_1.9.0.jar
2025-02-20 17:31:31,985 [Worker-16: Launching mavenrun-f3bc5b2f-1bdf-44d4-841f-a38673e276db] INFO  o.eclipse.m2e.core.internal.Bundles - getClasspathEntries(Bundle=org.apache.commons.commons-codec_1.16.0 [50])
2025-02-20 17:31:31,985 [Worker-16: Launching mavenrun-f3bc5b2f-1bdf-44d4-841f-a38673e276db] INFO  o.eclipse.m2e.core.internal.Bundles - 	Entry: /home/stoneyspring/.p2/pool/plugins/org.apache.commons.commons-codec_1.16.0.jar
2025-02-20 17:31:31,985 [Worker-16: Launching mavenrun-f3bc5b2f-1bdf-44d4-841f-a38673e276db] INFO  o.eclipse.m2e.core.internal.Bundles - getClasspathEntries(Bundle=com.google.guava.failureaccess_1.0.2 [11])
2025-02-20 17:31:31,985 [Worker-16: Launching mavenrun-f3bc5b2f-1bdf-44d4-841f-a38673e276db] INFO  o.eclipse.m2e.core.internal.Bundles - 	Entry: /home/stoneyspring/.p2/pool/plugins/com.google.guava.failureaccess_1.0.2.jar
2025-02-20 17:31:31,990 [Worker-16: Launching mavenrun-f3bc5b2f-1bdf-44d4-841f-a38673e276db] INFO  o.e.m.i.launch.MavenLaunchDelegate - Run build in "/tmp/m2e-archetypeGenerator18210205657373038833":
2025-02-20 17:31:31,993 [Worker-16: Launching mavenrun-f3bc5b2f-1bdf-44d4-841f-a38673e276db] INFO  o.e.m.i.launch.MavenLaunchDelegate -  mvn  -DjavaCompilerVersion=17 -DjunitVersion=5.11.0 -DarchetypeGroupId=org.apache.maven.archetypes -DarchetypeArtifactId=maven-archetype-quickstart -DarchetypeVersion=1.5 -DgroupId=umu.pds -DartifactId=LearningApp_2025 -Dversion=0.0.1-SNAPSHOT -Dpackage=umu.pds.LearningApp_2025 -DoutputDirectory=/home/stoneyspring/Documentos/LearningApp_2025 -Dstyle.color=always -U archetype:generate
2025-02-20 17:31:40,937 [Worker-8: Creating maven-archetype-quickstart] INFO  o.e.m.c.i.p.ProjectConfigurationManager - Collecting project info '/pom.xml' /home/stoneyspring/Documentos/LearningApp_2025/LearningApp_2025/pom.xml
2025-02-20 17:31:41,297 [Worker-8: Creating maven-archetype-quickstart] INFO  o.e.m.c.i.l.LifecycleMappingFactory - Using org.eclipse.m2e.jdt.JarLifecycleMapping lifecycle mapping for MavenProject: umu.pds:LearningApp_2025:0.0.1-SNAPSHOT @ /home/stoneyspring/Documentos/LearningApp_2025/LearningApp_2025/pom.xml.
2025-02-20 17:31:41,655 [Worker-8: Creating maven-archetype-quickstart] INFO  o.e.m.j.i.AbstractJavaProjectConfigurator - Adding source folder /LearningApp_2025/src/main/java
2025-02-20 17:31:41,656 [Worker-8: Creating maven-archetype-quickstart] INFO  o.e.m.j.i.AbstractJavaProjectConfigurator - Adding resource folder /LearningApp_2025/src/main/resources
2025-02-20 17:31:41,657 [Worker-8: Creating maven-archetype-quickstart] INFO  o.e.m.j.i.AbstractJavaProjectConfigurator - Adding source folder /LearningApp_2025/src/test/java
2025-02-20 17:31:41,658 [Worker-8: Creating maven-archetype-quickstart] INFO  o.e.m.j.i.AbstractJavaProjectConfigurator - Adding resource folder /LearningApp_2025/src/test/resources
2025-02-20 17:31:41,890 [Worker-8: Creating maven-archetype-quickstart] INFO  o.e.m.c.i.p.ProjectConfigurationManager - Imported and configured 1 project(s) in 0 sec
2025-02-20 17:31:42,406 [Compiler Source File Reader] INFO  o.b.c.a.StaticComponentContainer - (StaticComponentContainer.java:368) - Instantiated org.burningwave.core.SLF4JManagedLoggerRepository
2025-02-20 17:31:42,407 [Compiler Source File Reader] INFO  o.b.c.a.StaticComponentContainer - (StaticComponentContainer.java:369) - 

	Configuration values for static components:

		background-executor.all-tasks-monitoring.enabled=\
			true
		background-executor.all-tasks-monitoring.interval=\
			30000
		background-executor.all-tasks-monitoring.logger.enabled=\
			false
		background-executor.all-tasks-monitoring.minimum-elapsed-time-to-consider-a-task-as-probable-dead-locked=\
			300000
		background-executor.all-tasks-monitoring.probable-dead-locked-tasks-handling.policy=\
			log only
		background-executor.queued-task-executor[0].name=\
			Low priority tasks
		background-executor.queued-task-executor[0].priority=\
			1
		background-executor.queued-task-executor[1].name=\
			Normal priority tasks
		background-executor.queued-task-executor[1].priority=\
			5
		background-executor.queued-task-executor[2].name=\
			High priority tasks
		background-executor.queued-task-executor[2].priority=\
			10
		background-executor.task-creation-tracking.enabled=\
			${background-executor.all-tasks-monitoring.enabled}
		banner.additonal-informations=\
			${Implementation-Title} ${Implementation-Version}
		banner.additonal-informations.retrieve-from-manifest-file-with-implementation-title=\
			Burningwave Core
		banner.file=\
			org/burningwave/banner.bwb
		banner.hide=\
			true
		buffer-handler.default-allocation-mode=\
			ByteBuffer::allocateDirect
		buffer-handler.default-buffer-size=\
			1024
		group-name-for-named-elements=\
			Burningwave
		iterable-object-helper.default-values-separator=\
			;
		iterable-object-helper.parallel-iteration.applicability.default-minimum-collection-size=\
			2
		iterable-object-helper.parallel-iteration.applicability.max-runtime-thread-count-threshold=\
			autodetect
		iterable-object-helper.parallel-iteration.applicability.output-collection-enabled-types=\
			java.util.concurrent.ConcurrentHashMap$CollectionView;\
			java.util.Collections$SynchronizedCollection;\
			java.util.concurrent.CopyOnWriteArrayList;\
			java.util.concurrent.CopyOnWriteArraySet;\
			java.util.concurrent.BlockingQueue;\
			java.util.concurrent.ConcurrentSkipListSet;\
			java.util.concurrent.ConcurrentSkipListMap$EntrySet;\
			java.util.concurrent.ConcurrentSkipListMap$KeySet;\
			java.util.concurrent.ConcurrentSkipListMap$Values;
		jvm.driver.init=\
			false
		managed-logger.repository=\
			autodetect
		managed-logger.repository.enabled=\
			true
		managed-logger.repository.logging.warn.disabled-for=\
			org.burningwave.core.assembler.ComponentContainer$ClassLoader;\
			org.burningwave.core.classes.MemoryClassLoader;\
			org.burningwave.core.classes.PathScannerClassLoader;
		modules.export-all-to-all=\
			true
		resource-releaser.enabled=\
			true
		synchronizer.all-threads-monitoring.enabled=\
			false
		synchronizer.all-threads-monitoring.interval=\
			90000
		thread-supplier.default-daemon-flag-value=\
			true
		thread-supplier.default-thread-priority=\
			5
		thread-supplier.max-detached-thread-count=\
			${thread-supplier.max-poolable-thread-count}
		thread-supplier.max-detached-thread-count.elapsed-time-threshold-from-last-increase-for-gradual-decreasing-to-initial-value=\
			30000
		thread-supplier.max-detached-thread-count.increasing-step=\
			autodetect
		thread-supplier.max-poolable-thread-count=\
			autodetect
		thread-supplier.poolable-thread-request-timeout=\
			6000


2025-02-20 17:31:42,408 [Compiler Source File Reader] INFO  o.b.core.jvm.BufferHandler - (BufferHandler.java:127) - default buffer size: 1024 bytes
2025-02-20 17:31:42,409 [Compiler Source File Reader] INFO  o.b.core.jvm.BufferHandler - (BufferHandler.java:141) - default allocation mode: ByteBuffer::allocateDirect
2025-02-20 17:31:42,411 [Compiler Source File Reader] INFO  org.burningwave.core.Cache - (Cache.java:76) - Building cache
2025-02-20 17:31:42,432 [Compiler Source File Reader] INFO  o.b.c.a.StaticComponentContainer - (StaticComponentContainer.java:443) - org.burningwave.core.assembler.StaticComponentContainer initialized in 0.074780227 seconds
2025-02-20 17:31:42,685 [Worker-16: Building] INFO  o.a.m.s.f.DefaultMavenResourcesFiltering - skip non existing resourceDirectory /home/stoneyspring/Documentos/LearningApp_2025/LearningApp_2025/src/main/resources
2025-02-20 17:31:42,688 [Worker-16: Building] INFO  o.a.m.s.f.DefaultMavenResourcesFiltering - skip non existing resourceDirectory /home/stoneyspring/Documentos/LearningApp_2025/LearningApp_2025/src/test/resources
2025-02-20 17:33:35,567 [Worker-8: Building] INFO  o.e.m.c.i.l.LifecycleMappingFactory - Using org.eclipse.m2e.jdt.JarLifecycleMapping lifecycle mapping for MavenProject: umu.pds:LearningApp_2025:0.0.1-SNAPSHOT @ /home/stoneyspring/Documentos/LearningApp_2025/LearningApp_2025/pom.xml.
2025-02-20 17:33:35,671 [Worker-8: Building] INFO  o.a.m.s.f.DefaultMavenResourcesFiltering - skip non existing resourceDirectory /home/stoneyspring/Documentos/LearningApp_2025/LearningApp_2025/src/main/resources
2025-02-20 17:33:35,674 [Worker-8: Building] INFO  o.a.m.s.f.DefaultMavenResourcesFiltering - skip non existing resourceDirectory /home/stoneyspring/Documentos/LearningApp_2025/LearningApp_2025/src/test/resources
2025-02-20 17:33:36,790 [Worker-8: Building] INFO  o.a.m.s.f.DefaultMavenResourcesFiltering - skip non existing resourceDirectory /home/stoneyspring/Documentos/LearningApp_2025/LearningApp_2025/src/main/resources
2025-02-20 17:33:36,792 [Worker-8: Building] INFO  o.a.m.s.f.DefaultMavenResourcesFiltering - skip non existing resourceDirectory /home/stoneyspring/Documentos/LearningApp_2025/LearningApp_2025/src/test/resources
2025-02-20 17:34:21,397 [Worker-26: Building] INFO  o.a.m.s.f.DefaultMavenResourcesFiltering - skip non existing resourceDirectory /home/stoneyspring/Documentos/LearningApp_2025/LearningApp_2025/src/main/resources
2025-02-20 17:34:21,400 [Worker-26: Building] INFO  o.a.m.s.f.DefaultMavenResourcesFiltering - skip non existing resourceDirectory /home/stoneyspring/Documentos/LearningApp_2025/LearningApp_2025/src/test/resources
2025-02-20 17:34:28,956 [Burningwave - Resource releaser] INFO  o.b.c.a.StaticComponentContainer - (StaticComponentContainer.java:391) - ... Waiting for all tasks ending
2025-02-20 17:34:28,957 [Burningwave - Resource releaser] INFO  o.b.c.a.StaticComponentContainer - (StaticComponentContainer.java:397) - Closing all component containers
2025-02-20 17:34:28,959 [Burningwave - Resource releaser] INFO  o.b.c.a.StaticComponentContainer - (StaticComponentContainer.java:403) - Closing FileSystemHelper
2025-02-20 17:34:28,960 [Burningwave - Resource releaser] INFO  o.b.c.a.StaticComponentContainer - (StaticComponentContainer.java:409) - ... Waiting for all tasks ending before shutting down the BackgroundExecutor
2025-02-20 17:34:28,960 [Burningwave - Resource releaser] INFO  o.b.c.a.StaticComponentContainer - (StaticComponentContainer.java:414) - Shutting down BackgroundExecutor
2025-02-20 17:34:28,961 [Burningwave - Resource releaser] INFO  o.b.c.a.StaticComponentContainer - (StaticComponentContainer.java:420) - Stopping all threads monitoring thread
2025-02-20 17:34:28,961 [Burningwave - Resource releaser] INFO  o.b.c.a.StaticComponentContainer - (StaticComponentContainer.java:425) - Closing ThreadHolder
2025-02-20 17:34:28,961 [Burningwave - Resource releaser] INFO  o.b.c.a.StaticComponentContainer - (StaticComponentContainer.java:430) - Shutting down ThreadSupplier
2025-02-20 17:36:36,108 [Worker-4: Loading available Gradle versions] INFO  o.e.b.c.i.u.g.PublishedGradleVersions - Gradle version information cache is up-to-date. Trying to read.
2025-02-20 17:36:54,247 [Worker-10: Building] INFO  o.e.m.c.i.l.LifecycleMappingFactory - Using org.eclipse.m2e.jdt.JarLifecycleMapping lifecycle mapping for MavenProject: umu.pds:LearningApp_2025:0.0.1-SNAPSHOT @ /home/stoneyspring/Documentos/LearningApp_2025/LearningApp_2025/pom.xml.
2025-02-20 17:36:54,437 [Worker-10: Building] INFO  o.a.m.s.f.DefaultMavenResourcesFiltering - skip non existing resourceDirectory /home/stoneyspring/Documentos/LearningApp_2025/LearningApp_2025/src/main/resources
2025-02-20 17:36:54,442 [Worker-10: Building] INFO  o.a.m.s.f.DefaultMavenResourcesFiltering - skip non existing resourceDirectory /home/stoneyspring/Documentos/LearningApp_2025/LearningApp_2025/src/test/resources
2025-02-20 17:36:55,909 [Compiler Source File Reader] INFO  o.b.c.a.StaticComponentContainer - (StaticComponentContainer.java:368) - Instantiated org.burningwave.core.SLF4JManagedLoggerRepository
2025-02-20 17:36:55,911 [Compiler Source File Reader] INFO  o.b.c.a.StaticComponentContainer - (StaticComponentContainer.java:369) - 

	Configuration values for static components:

		background-executor.all-tasks-monitoring.enabled=\
			true
		background-executor.all-tasks-monitoring.interval=\
			30000
		background-executor.all-tasks-monitoring.logger.enabled=\
			false
		background-executor.all-tasks-monitoring.minimum-elapsed-time-to-consider-a-task-as-probable-dead-locked=\
			300000
		background-executor.all-tasks-monitoring.probable-dead-locked-tasks-handling.policy=\
			log only
		background-executor.queued-task-executor[0].name=\
			Low priority tasks
		background-executor.queued-task-executor[0].priority=\
			1
		background-executor.queued-task-executor[1].name=\
			Normal priority tasks
		background-executor.queued-task-executor[1].priority=\
			5
		background-executor.queued-task-executor[2].name=\
			High priority tasks
		background-executor.queued-task-executor[2].priority=\
			10
		background-executor.task-creation-tracking.enabled=\
			${background-executor.all-tasks-monitoring.enabled}
		banner.additonal-informations=\
			${Implementation-Title} ${Implementation-Version}
		banner.additonal-informations.retrieve-from-manifest-file-with-implementation-title=\
			Burningwave Core
		banner.file=\
			org/burningwave/banner.bwb
		banner.hide=\
			true
		buffer-handler.default-allocation-mode=\
			ByteBuffer::allocateDirect
		buffer-handler.default-buffer-size=\
			1024
		group-name-for-named-elements=\
			Burningwave
		iterable-object-helper.default-values-separator=\
			;
		iterable-object-helper.parallel-iteration.applicability.default-minimum-collection-size=\
			2
		iterable-object-helper.parallel-iteration.applicability.max-runtime-thread-count-threshold=\
			autodetect
		iterable-object-helper.parallel-iteration.applicability.output-collection-enabled-types=\
			java.util.concurrent.ConcurrentHashMap$CollectionView;\
			java.util.Collections$SynchronizedCollection;\
			java.util.concurrent.CopyOnWriteArrayList;\
			java.util.concurrent.CopyOnWriteArraySet;\
			java.util.concurrent.BlockingQueue;\
			java.util.concurrent.ConcurrentSkipListSet;\
			java.util.concurrent.ConcurrentSkipListMap$EntrySet;\
			java.util.concurrent.ConcurrentSkipListMap$KeySet;\
			java.util.concurrent.ConcurrentSkipListMap$Values;
		jvm.driver.init=\
			false
		managed-logger.repository=\
			autodetect
		managed-logger.repository.enabled=\
			true
		managed-logger.repository.logging.warn.disabled-for=\
			org.burningwave.core.assembler.ComponentContainer$ClassLoader;\
			org.burningwave.core.classes.MemoryClassLoader;\
			org.burningwave.core.classes.PathScannerClassLoader;
		modules.export-all-to-all=\
			true
		resource-releaser.enabled=\
			true
		synchronizer.all-threads-monitoring.enabled=\
			false
		synchronizer.all-threads-monitoring.interval=\
			90000
		thread-supplier.default-daemon-flag-value=\
			true
		thread-supplier.default-thread-priority=\
			5
		thread-supplier.max-detached-thread-count=\
			${thread-supplier.max-poolable-thread-count}
		thread-supplier.max-detached-thread-count.elapsed-time-threshold-from-last-increase-for-gradual-decreasing-to-initial-value=\
			30000
		thread-supplier.max-detached-thread-count.increasing-step=\
			autodetect
		thread-supplier.max-poolable-thread-count=\
			autodetect
		thread-supplier.poolable-thread-request-timeout=\
			6000


2025-02-20 17:36:55,912 [Compiler Source File Reader] INFO  o.b.core.jvm.BufferHandler - (BufferHandler.java:127) - default buffer size: 1024 bytes
2025-02-20 17:36:55,913 [Compiler Source File Reader] INFO  o.b.core.jvm.BufferHandler - (BufferHandler.java:141) - default allocation mode: ByteBuffer::allocateDirect
2025-02-20 17:36:55,915 [Compiler Source File Reader] INFO  org.burningwave.core.Cache - (Cache.java:76) - Building cache
2025-02-20 17:36:55,931 [Compiler Source File Reader] INFO  o.b.c.a.StaticComponentContainer - (StaticComponentContainer.java:443) - org.burningwave.core.assembler.StaticComponentContainer initialized in 0.081867614 seconds
2025-02-20 17:36:56,116 [Worker-10: Building] INFO  o.a.m.s.f.DefaultMavenResourcesFiltering - skip non existing resourceDirectory /home/stoneyspring/Documentos/LearningApp_2025/LearningApp_2025/src/main/resources
2025-02-20 17:36:56,119 [Worker-10: Building] INFO  o.a.m.s.f.DefaultMavenResourcesFiltering - skip non existing resourceDirectory /home/stoneyspring/Documentos/LearningApp_2025/LearningApp_2025/src/test/resources
